<?xml version="1.0" encoding="UTF-8"?>
<testsuite xmlns:xsi="http://www.w3.org/2001/XMLSchema-instance" xsi:noNamespaceSchemaLocation="https://maven.apache.org/surefire/maven-surefire-plugin/xsd/surefire-test-report.xsd" name="com.itheima.service.UserTest" time="1.237" tests="3" errors="0" skipped="0" failures="0">
  <properties>
    <property name="gopherProxySet" value="false"/>
    <property name="awt.toolkit" value="sun.lwawt.macosx.LWCToolkit"/>
    <property name="socksProxyHost" value="127.0.0.1"/>
    <property name="http.proxyHost" value="127.0.0.1"/>
    <property name="java.specification.version" value="1.8"/>
    <property name="file.encoding.pkg" value="sun.io"/>
    <property name="sun.cpu.isalist" value=""/>
    <property name="sun.jnu.encoding" value="UTF-8"/>
    <property name="java.class.path" value="/Users/xuweiqiang/Documents/itheima/springboot/springboot-helloworld/target/test-classes:/Users/xuweiqiang/Documents/itheima/springboot/springboot-helloworld/target/classes:/Users/xuweiqiang/apache-maven-3.9.6/maven-repo/org/springframework/boot/spring-boot-starter-web/2.4.0/spring-boot-starter-web-2.4.0.jar:/Users/xuweiqiang/apache-maven-3.9.6/maven-repo/org/springframework/boot/spring-boot-starter/2.4.0/spring-boot-starter-2.4.0.jar:/Users/xuweiqiang/apache-maven-3.9.6/maven-repo/org/springframework/boot/spring-boot-autoconfigure/2.4.0/spring-boot-autoconfigure-2.4.0.jar:/Users/xuweiqiang/apache-maven-3.9.6/maven-repo/org/springframework/boot/spring-boot-starter-logging/2.4.0/spring-boot-starter-logging-2.4.0.jar:/Users/xuweiqiang/apache-maven-3.9.6/maven-repo/ch/qos/logback/logback-classic/1.2.3/logback-classic-1.2.3.jar:/Users/xuweiqiang/apache-maven-3.9.6/maven-repo/ch/qos/logback/logback-core/1.2.3/logback-core-1.2.3.jar:/Users/xuweiqiang/apache-maven-3.9.6/maven-repo/org/slf4j/slf4j-api/1.7.30/slf4j-api-1.7.30.jar:/Users/xuweiqiang/apache-maven-3.9.6/maven-repo/org/apache/logging/log4j/log4j-to-slf4j/2.13.3/log4j-to-slf4j-2.13.3.jar:/Users/xuweiqiang/apache-maven-3.9.6/maven-repo/org/apache/logging/log4j/log4j-api/2.13.3/log4j-api-2.13.3.jar:/Users/xuweiqiang/apache-maven-3.9.6/maven-repo/org/slf4j/jul-to-slf4j/1.7.30/jul-to-slf4j-1.7.30.jar:/Users/xuweiqiang/apache-maven-3.9.6/maven-repo/jakarta/annotation/jakarta.annotation-api/1.3.5/jakarta.annotation-api-1.3.5.jar:/Users/xuweiqiang/apache-maven-3.9.6/maven-repo/org/yaml/snakeyaml/1.27/snakeyaml-1.27.jar:/Users/xuweiqiang/apache-maven-3.9.6/maven-repo/org/springframework/boot/spring-boot-starter-json/2.4.0/spring-boot-starter-json-2.4.0.jar:/Users/xuweiqiang/apache-maven-3.9.6/maven-repo/com/fasterxml/jackson/core/jackson-databind/2.11.3/jackson-databind-2.11.3.jar:/Users/xuweiqiang/apache-maven-3.9.6/maven-repo/com/fasterxml/jackson/core/jackson-annotations/2.11.3/jackson-annotations-2.11.3.jar:/Users/xuweiqiang/apache-maven-3.9.6/maven-repo/com/fasterxml/jackson/core/jackson-core/2.11.3/jackson-core-2.11.3.jar:/Users/xuweiqiang/apache-maven-3.9.6/maven-repo/com/fasterxml/jackson/datatype/jackson-datatype-jdk8/2.11.3/jackson-datatype-jdk8-2.11.3.jar:/Users/xuweiqiang/apache-maven-3.9.6/maven-repo/com/fasterxml/jackson/datatype/jackson-datatype-jsr310/2.11.3/jackson-datatype-jsr310-2.11.3.jar:/Users/xuweiqiang/apache-maven-3.9.6/maven-repo/com/fasterxml/jackson/module/jackson-module-parameter-names/2.11.3/jackson-module-parameter-names-2.11.3.jar:/Users/xuweiqiang/apache-maven-3.9.6/maven-repo/org/springframework/boot/spring-boot-starter-tomcat/2.4.0/spring-boot-starter-tomcat-2.4.0.jar:/Users/xuweiqiang/apache-maven-3.9.6/maven-repo/org/apache/tomcat/embed/tomcat-embed-core/9.0.39/tomcat-embed-core-9.0.39.jar:/Users/xuweiqiang/apache-maven-3.9.6/maven-repo/org/glassfish/jakarta.el/3.0.3/jakarta.el-3.0.3.jar:/Users/xuweiqiang/apache-maven-3.9.6/maven-repo/org/apache/tomcat/embed/tomcat-embed-websocket/9.0.39/tomcat-embed-websocket-9.0.39.jar:/Users/xuweiqiang/apache-maven-3.9.6/maven-repo/org/springframework/spring-web/5.3.1/spring-web-5.3.1.jar:/Users/xuweiqiang/apache-maven-3.9.6/maven-repo/org/springframework/spring-beans/5.3.1/spring-beans-5.3.1.jar:/Users/xuweiqiang/apache-maven-3.9.6/maven-repo/org/springframework/spring-webmvc/5.3.1/spring-webmvc-5.3.1.jar:/Users/xuweiqiang/apache-maven-3.9.6/maven-repo/org/springframework/spring-aop/5.3.1/spring-aop-5.3.1.jar:/Users/xuweiqiang/apache-maven-3.9.6/maven-repo/org/springframework/spring-context/5.3.1/spring-context-5.3.1.jar:/Users/xuweiqiang/apache-maven-3.9.6/maven-repo/org/springframework/spring-expression/5.3.1/spring-expression-5.3.1.jar:/Users/xuweiqiang/apache-maven-3.9.6/maven-repo/junit/junit/4.13.1/junit-4.13.1.jar:/Users/xuweiqiang/apache-maven-3.9.6/maven-repo/org/hamcrest/hamcrest-core/2.2/hamcrest-core-2.2.jar:/Users/xuweiqiang/apache-maven-3.9.6/maven-repo/org/hamcrest/hamcrest/2.2/hamcrest-2.2.jar:/Users/xuweiqiang/apache-maven-3.9.6/maven-repo/org/springframework/spring-test/5.3.1/spring-test-5.3.1.jar:/Users/xuweiqiang/apache-maven-3.9.6/maven-repo/org/springframework/spring-core/5.3.1/spring-core-5.3.1.jar:/Users/xuweiqiang/apache-maven-3.9.6/maven-repo/org/springframework/spring-jcl/5.3.1/spring-jcl-5.3.1.jar:/Users/xuweiqiang/apache-maven-3.9.6/maven-repo/org/springframework/boot/spring-boot-test/2.4.0/spring-boot-test-2.4.0.jar:/Users/xuweiqiang/apache-maven-3.9.6/maven-repo/org/springframework/boot/spring-boot/2.4.0/spring-boot-2.4.0.jar:"/>
    <property name="https.proxyPort" value="7890"/>
    <property name="java.vm.vendor" value="Amazon.com Inc."/>
    <property name="sun.arch.data.model" value="64"/>
    <property name="java.vendor.url" value="https://aws.amazon.com/corretto/"/>
    <property name="user.timezone" value=""/>
    <property name="java.vm.specification.version" value="1.8"/>
    <property name="os.name" value="Mac OS X"/>
    <property name="user.country" value="CN"/>
    <property name="sun.java.launcher" value="SUN_STANDARD"/>
    <property name="sun.boot.library.path" value="/Users/xuweiqiang/Library/Java/JavaVirtualMachines/corretto-1.8.0_402/Contents/Home/jre/lib"/>
    <property name="sun.java.command" value="/Users/xuweiqiang/Documents/itheima/springboot/springboot-helloworld/target/surefire/surefirebooter3135692432793633291.jar /Users/xuweiqiang/Documents/itheima/springboot/springboot-helloworld/target/surefire 2024-03-17T19-42-55_408-jvmRun1 surefire4623955185366863558tmp surefire_03044323710332231171tmp"/>
    <property name="http.nonProxyHosts" value="192.168.0.0/16|*.192.168.0.0/16|10.0.0.0/8|*.10.0.0.0/8|172.16.0.0/12|*.172.16.0.0/12|127.0.0.1|localhost|*.localhost|local|*.local|timestamp.apple.com|*.timestamp.apple.com|sequoia.apple.com|*.sequoia.apple.com|seed-sequoia.siri.apple.com|*.seed-sequoia.siri.apple.com"/>
    <property name="surefire.test.class.path" value="/Users/xuweiqiang/Documents/itheima/springboot/springboot-helloworld/target/test-classes:/Users/xuweiqiang/Documents/itheima/springboot/springboot-helloworld/target/classes:/Users/xuweiqiang/apache-maven-3.9.6/maven-repo/org/springframework/boot/spring-boot-starter-web/2.4.0/spring-boot-starter-web-2.4.0.jar:/Users/xuweiqiang/apache-maven-3.9.6/maven-repo/org/springframework/boot/spring-boot-starter/2.4.0/spring-boot-starter-2.4.0.jar:/Users/xuweiqiang/apache-maven-3.9.6/maven-repo/org/springframework/boot/spring-boot-autoconfigure/2.4.0/spring-boot-autoconfigure-2.4.0.jar:/Users/xuweiqiang/apache-maven-3.9.6/maven-repo/org/springframework/boot/spring-boot-starter-logging/2.4.0/spring-boot-starter-logging-2.4.0.jar:/Users/xuweiqiang/apache-maven-3.9.6/maven-repo/ch/qos/logback/logback-classic/1.2.3/logback-classic-1.2.3.jar:/Users/xuweiqiang/apache-maven-3.9.6/maven-repo/ch/qos/logback/logback-core/1.2.3/logback-core-1.2.3.jar:/Users/xuweiqiang/apache-maven-3.9.6/maven-repo/org/slf4j/slf4j-api/1.7.30/slf4j-api-1.7.30.jar:/Users/xuweiqiang/apache-maven-3.9.6/maven-repo/org/apache/logging/log4j/log4j-to-slf4j/2.13.3/log4j-to-slf4j-2.13.3.jar:/Users/xuweiqiang/apache-maven-3.9.6/maven-repo/org/apache/logging/log4j/log4j-api/2.13.3/log4j-api-2.13.3.jar:/Users/xuweiqiang/apache-maven-3.9.6/maven-repo/org/slf4j/jul-to-slf4j/1.7.30/jul-to-slf4j-1.7.30.jar:/Users/xuweiqiang/apache-maven-3.9.6/maven-repo/jakarta/annotation/jakarta.annotation-api/1.3.5/jakarta.annotation-api-1.3.5.jar:/Users/xuweiqiang/apache-maven-3.9.6/maven-repo/org/yaml/snakeyaml/1.27/snakeyaml-1.27.jar:/Users/xuweiqiang/apache-maven-3.9.6/maven-repo/org/springframework/boot/spring-boot-starter-json/2.4.0/spring-boot-starter-json-2.4.0.jar:/Users/xuweiqiang/apache-maven-3.9.6/maven-repo/com/fasterxml/jackson/core/jackson-databind/2.11.3/jackson-databind-2.11.3.jar:/Users/xuweiqiang/apache-maven-3.9.6/maven-repo/com/fasterxml/jackson/core/jackson-annotations/2.11.3/jackson-annotations-2.11.3.jar:/Users/xuweiqiang/apache-maven-3.9.6/maven-repo/com/fasterxml/jackson/core/jackson-core/2.11.3/jackson-core-2.11.3.jar:/Users/xuweiqiang/apache-maven-3.9.6/maven-repo/com/fasterxml/jackson/datatype/jackson-datatype-jdk8/2.11.3/jackson-datatype-jdk8-2.11.3.jar:/Users/xuweiqiang/apache-maven-3.9.6/maven-repo/com/fasterxml/jackson/datatype/jackson-datatype-jsr310/2.11.3/jackson-datatype-jsr310-2.11.3.jar:/Users/xuweiqiang/apache-maven-3.9.6/maven-repo/com/fasterxml/jackson/module/jackson-module-parameter-names/2.11.3/jackson-module-parameter-names-2.11.3.jar:/Users/xuweiqiang/apache-maven-3.9.6/maven-repo/org/springframework/boot/spring-boot-starter-tomcat/2.4.0/spring-boot-starter-tomcat-2.4.0.jar:/Users/xuweiqiang/apache-maven-3.9.6/maven-repo/org/apache/tomcat/embed/tomcat-embed-core/9.0.39/tomcat-embed-core-9.0.39.jar:/Users/xuweiqiang/apache-maven-3.9.6/maven-repo/org/glassfish/jakarta.el/3.0.3/jakarta.el-3.0.3.jar:/Users/xuweiqiang/apache-maven-3.9.6/maven-repo/org/apache/tomcat/embed/tomcat-embed-websocket/9.0.39/tomcat-embed-websocket-9.0.39.jar:/Users/xuweiqiang/apache-maven-3.9.6/maven-repo/org/springframework/spring-web/5.3.1/spring-web-5.3.1.jar:/Users/xuweiqiang/apache-maven-3.9.6/maven-repo/org/springframework/spring-beans/5.3.1/spring-beans-5.3.1.jar:/Users/xuweiqiang/apache-maven-3.9.6/maven-repo/org/springframework/spring-webmvc/5.3.1/spring-webmvc-5.3.1.jar:/Users/xuweiqiang/apache-maven-3.9.6/maven-repo/org/springframework/spring-aop/5.3.1/spring-aop-5.3.1.jar:/Users/xuweiqiang/apache-maven-3.9.6/maven-repo/org/springframework/spring-context/5.3.1/spring-context-5.3.1.jar:/Users/xuweiqiang/apache-maven-3.9.6/maven-repo/org/springframework/spring-expression/5.3.1/spring-expression-5.3.1.jar:/Users/xuweiqiang/apache-maven-3.9.6/maven-repo/junit/junit/4.13.1/junit-4.13.1.jar:/Users/xuweiqiang/apache-maven-3.9.6/maven-repo/org/hamcrest/hamcrest-core/2.2/hamcrest-core-2.2.jar:/Users/xuweiqiang/apache-maven-3.9.6/maven-repo/org/hamcrest/hamcrest/2.2/hamcrest-2.2.jar:/Users/xuweiqiang/apache-maven-3.9.6/maven-repo/org/springframework/spring-test/5.3.1/spring-test-5.3.1.jar:/Users/xuweiqiang/apache-maven-3.9.6/maven-repo/org/springframework/spring-core/5.3.1/spring-core-5.3.1.jar:/Users/xuweiqiang/apache-maven-3.9.6/maven-repo/org/springframework/spring-jcl/5.3.1/spring-jcl-5.3.1.jar:/Users/xuweiqiang/apache-maven-3.9.6/maven-repo/org/springframework/boot/spring-boot-test/2.4.0/spring-boot-test-2.4.0.jar:/Users/xuweiqiang/apache-maven-3.9.6/maven-repo/org/springframework/boot/spring-boot/2.4.0/spring-boot-2.4.0.jar:"/>
    <property name="sun.cpu.endian" value="little"/>
    <property name="user.home" value="/Users/xuweiqiang"/>
    <property name="user.language" value="zh"/>
    <property name="java.specification.vendor" value="Oracle Corporation"/>
    <property name="java.home" value="/Users/xuweiqiang/Library/Java/JavaVirtualMachines/corretto-1.8.0_402/Contents/Home/jre"/>
    <property name="basedir" value="/Users/xuweiqiang/Documents/itheima/springboot/springboot-helloworld"/>
    <property name="https.proxyHost" value="127.0.0.1"/>
    <property name="file.separator" value="/"/>
    <property name="line.separator" value="&#10;"/>
    <property name="java.vm.specification.vendor" value="Oracle Corporation"/>
    <property name="java.specification.name" value="Java Platform API Specification"/>
    <property name="java.awt.graphicsenv" value="sun.awt.CGraphicsEnvironment"/>
    <property name="surefire.real.class.path" value="/Users/xuweiqiang/Documents/itheima/springboot/springboot-helloworld/target/surefire/surefirebooter3135692432793633291.jar"/>
    <property name="sun.boot.class.path" value="/Users/xuweiqiang/Library/Java/JavaVirtualMachines/corretto-1.8.0_402/Contents/Home/jre/lib/resources.jar:/Users/xuweiqiang/Library/Java/JavaVirtualMachines/corretto-1.8.0_402/Contents/Home/jre/lib/rt.jar:/Users/xuweiqiang/Library/Java/JavaVirtualMachines/corretto-1.8.0_402/Contents/Home/jre/lib/sunrsasign.jar:/Users/xuweiqiang/Library/Java/JavaVirtualMachines/corretto-1.8.0_402/Contents/Home/jre/lib/jsse.jar:/Users/xuweiqiang/Library/Java/JavaVirtualMachines/corretto-1.8.0_402/Contents/Home/jre/lib/jce.jar:/Users/xuweiqiang/Library/Java/JavaVirtualMachines/corretto-1.8.0_402/Contents/Home/jre/lib/charsets.jar:/Users/xuweiqiang/Library/Java/JavaVirtualMachines/corretto-1.8.0_402/Contents/Home/jre/lib/jfr.jar:/Users/xuweiqiang/Library/Java/JavaVirtualMachines/corretto-1.8.0_402/Contents/Home/jre/classes"/>
    <property name="sun.management.compiler" value="HotSpot 64-Bit Tiered Compilers"/>
    <property name="ftp.nonProxyHosts" value="192.168.0.0/16|*.192.168.0.0/16|10.0.0.0/8|*.10.0.0.0/8|172.16.0.0/12|*.172.16.0.0/12|127.0.0.1|localhost|*.localhost|local|*.local|timestamp.apple.com|*.timestamp.apple.com|sequoia.apple.com|*.sequoia.apple.com|seed-sequoia.siri.apple.com|*.seed-sequoia.siri.apple.com"/>
    <property name="java.runtime.version" value="1.8.0_402-b08"/>
    <property name="user.name" value="xuweiqiang"/>
    <property name="path.separator" value=":"/>
    <property name="os.version" value="14.2.1"/>
    <property name="java.endorsed.dirs" value="/Users/xuweiqiang/Library/Java/JavaVirtualMachines/corretto-1.8.0_402/Contents/Home/jre/lib/endorsed"/>
    <property name="java.runtime.name" value="OpenJDK Runtime Environment"/>
    <property name="file.encoding" value="UTF-8"/>
    <property name="java.vm.name" value="OpenJDK 64-Bit Server VM"/>
    <property name="localRepository" value="/Users/xuweiqiang/apache-maven-3.9.6/maven-repo"/>
    <property name="java.vendor.url.bug" value="https://github.com/corretto/corretto-8/issues/"/>
    <property name="java.io.tmpdir" value="/var/folders/pz/sxs81g414bgczdfn3pkpykh00000gn/T/"/>
    <property name="idea.version" value="2023.3.4"/>
    <property name="java.version" value="1.8.0_402"/>
    <property name="user.dir" value="/Users/xuweiqiang/Documents/itheima/springboot/springboot-helloworld"/>
    <property name="os.arch" value="aarch64"/>
    <property name="socksProxyPort" value="7890"/>
    <property name="java.vm.specification.name" value="Java Virtual Machine Specification"/>
    <property name="java.awt.printerjob" value="sun.lwawt.macosx.CPrinterJob"/>
    <property name="sun.os.patch.level" value="unknown"/>
    <property name="java.library.path" value="/Users/xuweiqiang/Library/Java/Extensions:/Library/Java/Extensions:/Network/Library/Java/Extensions:/System/Library/Java/Extensions:/usr/lib/java:."/>
    <property name="java.vm.info" value="mixed mode"/>
    <property name="java.vendor" value="Amazon.com Inc."/>
    <property name="java.vm.version" value="25.402-b08"/>
    <property name="java.specification.maintenance.version" value="5"/>
    <property name="java.ext.dirs" value="/Users/xuweiqiang/Library/Java/Extensions:/Users/xuweiqiang/Library/Java/JavaVirtualMachines/corretto-1.8.0_402/Contents/Home/jre/lib/ext:/Library/Java/Extensions:/Network/Library/Java/Extensions:/System/Library/Java/Extensions:/usr/lib/java"/>
    <property name="sun.io.unicode.encoding" value="UnicodeBig"/>
    <property name="maven.repo.local" value="/Users/xuweiqiang/apache-maven-3.9.6/maven-repo"/>
    <property name="java.class.version" value="52.0"/>
    <property name="socksNonProxyHosts" value="192.168.0.0/16|*.192.168.0.0/16|10.0.0.0/8|*.10.0.0.0/8|172.16.0.0/12|*.172.16.0.0/12|127.0.0.1|localhost|*.localhost|local|*.local|timestamp.apple.com|*.timestamp.apple.com|sequoia.apple.com|*.sequoia.apple.com|seed-sequoia.siri.apple.com|*.seed-sequoia.siri.apple.com"/>
    <property name="http.proxyPort" value="7890"/>
  </properties>
  <testcase name="Get" classname="com.itheima.service.UserTest" time="0.003"/>
  <testcase name="GetSchoolName" classname="com.itheima.service.UserTest" time="0"/>
  <testcase name="GetColl" classname="com.itheima.service.UserTest" time="0.002"/>
</testsuite>